Using pre-set license
Built from '2020.3/release' branch; Version is '2020.3.12f1 (b3b2c6512326) revision 11776710'; Using compiler version '192528614'; Build Type 'Release'
OS: 'Windows 10 Pro; OS build 19041.1052; Version 2004; 64bit' Language: 'ko' Physical Memory: 32175 MB
BatchMode: 1, IsHumanControllingUs: 0, StartBugReporterOnCrash: 0, Is64bit: 1, IsPro: 0

 COMMAND LINE ARGUMENTS:
C:\Program Files\Unity\Hub\Editor\2020.3.12f1\Editor\Unity.exe
-adb2
-batchMode
-noUpm
-name
AssetImportWorker0
-projectPath
C:/Users/user/Documents/## JHS/UnityProject/Lavyrinth-Expedition
-logFile
Logs/AssetImportWorker0.log
-srvPort
50522
Successfully changed project path to: C:/Users/user/Documents/## JHS/UnityProject/Lavyrinth-Expedition
C:/Users/user/Documents/## JHS/UnityProject/Lavyrinth-Expedition
Using Asset Import Pipeline V2.
Refreshing native plugins compatible for Editor in 59.78 ms, found 3 plugins.
Preloading 0 native plugins for Editor in 0.00 ms.
Initialize engine version: 2020.3.12f1 (b3b2c6512326)
[Subsystems] Discovering subsystems at path C:/Program Files/Unity/Hub/Editor/2020.3.12f1/Editor/Data/Resources/UnitySubsystems
[Subsystems] Discovering subsystems at path C:/Users/user/Documents/## JHS/UnityProject/Lavyrinth-Expedition/Assets
GfxDevice: creating device client; threaded=0
Direct3D:
    Version:  Direct3D 11.0 [level 11.1]
    Renderer: NVIDIA GeForce GTX 1650 Ti (ID=0x1f95)
    Vendor:   
    VRAM:     3962 MB
    Driver:   27.21.14.5167
Initialize mono
Mono path[0] = 'C:/Program Files/Unity/Hub/Editor/2020.3.12f1/Editor/Data/Managed'
Mono path[1] = 'C:/Program Files/Unity/Hub/Editor/2020.3.12f1/Editor/Data/MonoBleedingEdge/lib/mono/unityjit'
Mono config path = 'C:/Program Files/Unity/Hub/Editor/2020.3.12f1/Editor/Data/MonoBleedingEdge/etc'
Using monoOptions --debugger-agent=transport=dt_socket,embedding=1,server=y,suspend=n,address=127.0.0.1:56256
Begin MonoManager ReloadAssembly
Registering precompiled unity dll's ...
Register platform support module: C:/Program Files/Unity/Hub/Editor/2020.3.12f1/Editor/Data/PlaybackEngines/WindowsStandaloneSupport/UnityEditor.WindowsStandalone.Extensions.dll
Registered in 0.001777 seconds.
Native extension for WindowsStandalone target not found
Refreshing native plugins compatible for Editor in 60.79 ms, found 3 plugins.
Preloading 0 native plugins for Editor in 0.00 ms.
Mono: successfully reloaded assembly
- Completed reload, in  2.216 seconds
Platform modules already initialized, skipping
Registering precompiled user dll's ...
Registered in 0.089895 seconds.
Begin MonoManager ReloadAssembly
Native extension for WindowsStandalone target not found
Refreshing native plugins compatible for Editor in 60.27 ms, found 3 plugins.
Preloading 0 native plugins for Editor in 0.00 ms.
Mono: successfully reloaded assembly
- Completed reload, in  1.210 seconds
Platform modules already initialized, skipping
========================================================================
Worker process is ready to serve import requests
Launched and connected shader compiler UnityShaderCompiler.exe after 0.06 seconds
Refreshing native plugins compatible for Editor in 0.91 ms, found 3 plugins.
Preloading 0 native plugins for Editor in 0.00 ms.
Unloading 2379 Unused Serialized files (Serialized files now loaded: 0)
System memory in use before: 105.7 MB.
System memory in use after: 105.7 MB.

Unloading 33 unused Assets to reduce memory usage. Loaded Objects now: 2811.
Total: 2.559900 ms (FindLiveObjects: 0.277700 ms CreateObjectMapping: 0.062300 ms MarkObjects: 2.082600 ms  DeleteObjects: 0.135600 ms)

AssetImportParameters requested are different than current active one (requested -> active):
  custom:framework-win-MediaFoundation: 216162199b28c13a410421893ffa2e32 -> 
  custom:video-decoder-ogg-theora: a1e56fd34408186e4bbccfd4996cb3dc -> 
  custom:container-muxer-webm: aa71ff27fc2769a1b78a27578f13a17b -> 
  custom:container-demuxer-webm: 4f35f7cbe854078d1ac9338744f61a02 -> 
  custom:container-demuxer-ogg: 62fdf1f143b41e24485cea50d1cbac27 -> 
  custom:video-encoder-webm-vp8: eb34c28f22e8b96e1ab97ce403110664 -> 
  custom:video-decoder-webm-vp8: 9c59270c3fd7afecdb556c50c9e8de78 -> 
  custom:audio-decoder-ogg-vorbis: bf7c407c2cedff20999df2af8eb42d56 -> 
  custom:audio-encoder-webm-vorbis: bf7c407c2cedff20999df2af8eb42d56 -> 
========================================================================
Received Import Request.
  path: Assets/berserker_male/berserker_male/berserker_male.prefab
  artifactKey: Guid(f39e6134df1a04efc8f4c505716bcf86) Importer(815301076,1909f56bfc062723c751e8b465ee728b)
Start importing Assets/berserker_male/berserker_male/berserker_male.prefab using Guid(f39e6134df1a04efc8f4c505716bcf86) Importer(815301076,1909f56bfc062723c751e8b465ee728b)  -> (artifact id: '0ef04e3d2869291ca5c4306afaa1b253') in 0.192603 seconds 
  Import took 0.198400 seconds .

========================================================================
Received Import Request.
  Time since last request: 0.000197 seconds.
  path: Assets/berserker_male/berserker_male
  artifactKey: Guid(874e4ce2881134a3bbef66c4b04a07ce) Importer(815301076,1909f56bfc062723c751e8b465ee728b)
Start importing Assets/berserker_male/berserker_male using Guid(874e4ce2881134a3bbef66c4b04a07ce) Importer(815301076,1909f56bfc062723c751e8b465ee728b)  -> (artifact id: '30d00c65515617b2f27c1de25aaa5b8f') in 0.002955 seconds 
  Import took 0.007021 seconds .

========================================================================
Received Import Request.
  Time since last request: 2.930585 seconds.
  path: Assets/berserker_male
  artifactKey: Guid(e5f54039c6c4c417eb7d3287531a9ecb) Importer(815301076,1909f56bfc062723c751e8b465ee728b)
Start importing Assets/berserker_male using Guid(e5f54039c6c4c417eb7d3287531a9ecb) Importer(815301076,1909f56bfc062723c751e8b465ee728b)  -> (artifact id: '15198fd379edba6560a2d5b7ce5d1781') in 0.003009 seconds 
  Import took 0.006832 seconds .

========================================================================
Received Import Request.
  Time since last request: 2.320691 seconds.
  path: Assets/black_mage/black_mage/black_mage.png
  artifactKey: Guid(0f6be6952b74cd64a9889a2fd5a6bb80) Importer(815301076,1909f56bfc062723c751e8b465ee728b)
Start importing Assets/black_mage/black_mage/black_mage.png using Guid(0f6be6952b74cd64a9889a2fd5a6bb80) Importer(815301076,1909f56bfc062723c751e8b465ee728b)  -> (artifact id: 'e07f869c87266dd7d5292d68490b78c2') in 0.180130 seconds 
  Import took 0.184041 seconds .

========================================================================
Received Import Request.
  Time since last request: 0.464550 seconds.
  path: Assets/black_mage/black_mage/black_mage.prefab
  artifactKey: Guid(cedcdb519d8b5a249b0f875842838f9b) Importer(815301076,1909f56bfc062723c751e8b465ee728b)
Start importing Assets/black_mage/black_mage/black_mage.prefab using Guid(cedcdb519d8b5a249b0f875842838f9b) Importer(815301076,1909f56bfc062723c751e8b465ee728b)  -> (artifact id: '8673913db9d39d39dea5d07815ff058b') in 0.051741 seconds 
  Import took 0.056609 seconds .

========================================================================
Received Import Request.
  Time since last request: 6.608661 seconds.
  path: Assets/black_mage
  artifactKey: Guid(07a22b9a0ba92eb4081a420612ea0409) Importer(815301076,1909f56bfc062723c751e8b465ee728b)
Start importing Assets/black_mage using Guid(07a22b9a0ba92eb4081a420612ea0409) Importer(815301076,1909f56bfc062723c751e8b465ee728b)  -> (artifact id: '5e382e43ae7afb14c1dbbf8f9c149543') in 0.002586 seconds 
  Import took 0.006795 seconds .

========================================================================
Received Import Request.
  Time since last request: 1.054716 seconds.
  path: Assets/Blood Mage
  artifactKey: Guid(008abf2c4c15a4c4098b61299cb06ba1) Importer(815301076,1909f56bfc062723c751e8b465ee728b)
Start importing Assets/Blood Mage using Guid(008abf2c4c15a4c4098b61299cb06ba1) Importer(815301076,1909f56bfc062723c751e8b465ee728b)  -> (artifact id: 'ab8ce37558aba09aba6941bb29b0d7ea') in 0.007392 seconds 
  Import took 0.011260 seconds .

========================================================================
Received Import Request.
  Time since last request: 2.341444 seconds.
  path: Assets/Berserker
  artifactKey: Guid(101994e8a9471604886337550b2e522e) Importer(815301076,1909f56bfc062723c751e8b465ee728b)
Start importing Assets/Berserker using Guid(101994e8a9471604886337550b2e522e) Importer(815301076,1909f56bfc062723c751e8b465ee728b)  -> (artifact id: '5a8b01aa26bed1edd7b6b8949c7310a4') in 0.007239 seconds 
  Import took 0.011095 seconds .

========================================================================
Received Import Request.
  Time since last request: 1.046893 seconds.
  path: Assets/Black Knight
  artifactKey: Guid(65b72ed4f7cfa7b4fbdee6ee315da273) Importer(815301076,1909f56bfc062723c751e8b465ee728b)
Start importing Assets/Black Knight using Guid(65b72ed4f7cfa7b4fbdee6ee315da273) Importer(815301076,1909f56bfc062723c751e8b465ee728b)  -> (artifact id: '47359e192c1f62ae4d966847a5b15a53') in 0.007155 seconds 
  Import took 0.011348 seconds .

AssetImportWorkerClient::OnTransportError - code=2 error=End of file
